<?xml version="1.0" encoding="UTF-8"?>
<!-- Generated by org.testng.reporters.JUnitXMLReporter -->
<testsuite ignored="6" hostname="DESKTOP-3ACENMM" failures="1" tests="11" name="Test-runner-1" time="38.722" errors="0" timestamp="2023-03-30T16:30:29 IST">
  <testcase classname="Practicepackage.TS_02" name="Script3" time="0.011"/>
  <testcase classname="Practicepackage.TS_02" name="Script4" time="0.002"/>
  <testcase classname="Practicepackage.TS_02" name="Script9" time="0.005"/>
  <testcase classname="Practicepackage.TS_01" name="Script2" time="0.006">
    <skipped/>
  </testcase> <!-- Script2 -->
  <testcase classname="Practicepackage.TS_01" name="Script2" time="0.006">
    <skipped/>
  </testcase> <!-- Script2 -->
  <testcase classname="Practicepackage.TS_01" name="Script2" time="0.001">
    <skipped/>
  </testcase> <!-- Script2 -->
  <testcase classname="Practicepackage.TS_01" name="Script2" time="0.004">
    <failure type="java.lang.AssertionError" message="null">
      <![CDATA[java.lang.AssertionError: null
at Practicepackage.TS_01.Script2(TS_01.java:18)
at java.base/java.util.ArrayList.forEach(ArrayList.java:1511)
at java.base/java.util.concurrent.FutureTask.run(FutureTask.java:264)
at java.base/java.util.concurrent.ThreadPoolExecutor.runWorker(ThreadPoolExecutor.java:1130)
at java.base/java.util.concurrent.ThreadPoolExecutor$Worker.run(ThreadPoolExecutor.java:630)
at java.base/java.lang.Thread.run(Thread.java:831)
... Removed 20 stack frames]]>
    </failure>
  </testcase> <!-- Script2 -->
  <testcase classname="Practicepackage.TS_04" name="Script7" time="0.002"/>
  <testcase classname="Practicepackage.TS_04" name="Script8" time="0.003"/>
  <testcase classname="Practicepackage.TS_03" name="Script5" time="0.002"/>
  <testcase classname="Practicepackage.TS_03" name="Script6" time="0.002"/>
  <testcase classname="com.GenericUtilities.BaseClass" name="@AfterSuite configAS" time="0.0">
    <ignored/>
  </testcase> <!-- @AfterSuite configAS -->
  <testcase classname="com.GenericUtilities.BaseClass" name="@AfterSuite configAS" time="0.0">
    <ignored/>
  </testcase> <!-- @AfterSuite configAS -->
  <testcase classname="com.GenericUtilities.BaseClass" name="@AfterSuite configAS" time="0.0">
    <ignored/>
  </testcase> <!-- @AfterSuite configAS -->
  <testcase classname="com.GenericUtilities.BaseClass" name="@BeforeSuite configBS" time="0.0">
    <ignored/>
  </testcase> <!-- @BeforeSuite configBS -->
  <testcase classname="com.GenericUtilities.BaseClass" name="@BeforeSuite configBS" time="0.0">
    <ignored/>
  </testcase> <!-- @BeforeSuite configBS -->
  <testcase classname="com.GenericUtilities.BaseClass" name="@BeforeSuite configBS" time="0.0">
    <ignored/>
  </testcase> <!-- @BeforeSuite configBS -->
</testsuite> <!-- Test-runner-1 -->
