<?xml version="1.0" encoding="UTF-8"?>
<testng-results ignored="0" total="1" passed="1" failed="0" skipped="0">
  <reporter-output>
  </reporter-output>
  <suite started-at="2023-04-06T15:46:22 IST" name="Default suite" finished-at="2023-04-06T15:46:33 IST" duration-ms="10650">
    <groups>
    </groups>
    <test started-at="2023-04-06T15:46:22 IST" name="Default test" finished-at="2023-04-06T15:46:33 IST" duration-ms="10650">
      <class name="Clientintegration.EditClientPOMScript">
        <test-method is-config="true" signature="configBS()[pri:0, instance:Clientintegration.EditClientPOMScript@47faa49c]" started-at="2023-04-06T15:46:22 IST" name="configBS" finished-at="2023-04-06T15:46:22 IST" duration-ms="573" status="PASS">
          <reporter-output>
          </reporter-output>
        </test-method> <!-- configBS -->
        <test-method is-config="true" signature="configBC()[pri:0, instance:Clientintegration.EditClientPOMScript@47faa49c]" started-at="2023-04-06T15:46:22 IST" name="configBC" finished-at="2023-04-06T15:46:26 IST" duration-ms="3801" status="PASS">
          <reporter-output>
          </reporter-output>
        </test-method> <!-- configBC -->
        <test-method is-config="true" signature="configBM()[pri:0, instance:Clientintegration.EditClientPOMScript@47faa49c]" started-at="2023-04-06T15:46:26 IST" name="configBM" finished-at="2023-04-06T15:46:27 IST" duration-ms="828" status="PASS">
          <reporter-output>
          </reporter-output>
        </test-method> <!-- configBM -->
        <test-method signature="EditClient()[pri:0, instance:Clientintegration.EditClientPOMScript@47faa49c]" started-at="2023-04-06T15:46:27 IST" name="EditClient" finished-at="2023-04-06T15:46:32 IST" duration-ms="5449" status="PASS">
          <reporter-output>
          </reporter-output>
        </test-method> <!-- EditClient -->
        <test-method is-config="true" signature="configAM()[pri:0, instance:Clientintegration.EditClientPOMScript@47faa49c]" started-at="2023-04-06T15:46:32 IST" name="configAM" finished-at="2023-04-06T15:46:33 IST" duration-ms="268" status="PASS">
          <reporter-output>
          </reporter-output>
        </test-method> <!-- configAM -->
        <test-method is-config="true" signature="configAC()[pri:0, instance:Clientintegration.EditClientPOMScript@47faa49c]" started-at="2023-04-06T15:46:33 IST" name="configAC" finished-at="2023-04-06T15:46:33 IST" duration-ms="236" status="PASS">
          <reporter-output>
          </reporter-output>
        </test-method> <!-- configAC -->
        <test-method is-config="true" signature="configAS()[pri:0, instance:Clientintegration.EditClientPOMScript@47faa49c]" started-at="2023-04-06T15:46:33 IST" name="configAS" finished-at="2023-04-06T15:46:33 IST" duration-ms="8" status="PASS">
          <reporter-output>
          </reporter-output>
        </test-method> <!-- configAS -->
      </class> <!-- Clientintegration.EditClientPOMScript -->
    </test> <!-- Default test -->
  </suite> <!-- Default suite -->
</testng-results>
