<?xml version="1.0" encoding="UTF-8"?>
<testng-results ignored="0" total="2" passed="2" failed="0" skipped="0">
  <reporter-output>
  </reporter-output>
  <suite started-at="2023-04-05T15:31:53 IST" name="Default suite" finished-at="2023-04-05T15:31:53 IST" duration-ms="172">
    <groups>
    </groups>
    <test started-at="2023-04-05T15:31:53 IST" name="Default test" finished-at="2023-04-05T15:31:53 IST" duration-ms="172">
      <class name="Practicepackage.Test">
        <test-method signature="test()[pri:0, instance:Practicepackage.Test@27ff5d15]" started-at="2023-04-05T15:31:53 IST" name="test" finished-at="2023-04-05T15:31:53 IST" duration-ms="30" status="PASS">
          <reporter-output>
          </reporter-output>
        </test-method> <!-- test -->
        <test-method signature="test2()[pri:0, instance:Practicepackage.Test@27ff5d15]" started-at="2023-04-05T15:31:53 IST" name="test2" finished-at="2023-04-05T15:31:53 IST" duration-ms="15" status="PASS">
          <reporter-output>
          </reporter-output>
        </test-method> <!-- test2 -->
      </class> <!-- Practicepackage.Test -->
    </test> <!-- Default test -->
  </suite> <!-- Default suite -->
</testng-results>
